<?xml version="1.0" encoding="UTF-8"?>
<!-- Generated by org.testng.reporters.JUnitXMLReporter -->
<testsuite ignored="0" hostname="SWEETHOME" failures="0" tests="4" name="UserTest" time="21.098" errors="0" timestamp="2023-04-04T18:48:32 IST">
  <testcase classname="api.tests.UserTests_Logger" name="testPostUser" time="9.863"/>
  <testcase classname="api.tests.UserTests_Logger" name="testGetUser" time="1.913"/>
  <testcase classname="api.tests.UserTests_Logger" name="testUpdateUser" time="2.875"/>
  <testcase classname="api.tests.UserTests_Logger" name="testDeleteUser" time="1.387"/>
</testsuite> <!-- UserTest -->
