<?xml version="1.0" encoding="UTF-8"?>
<!-- Generated by org.testng.reporters.JUnitXMLReporter -->
<testsuite ignored="0" hostname="SWEETHOME" failures="0" tests="14" name="UserTest" time="140.741" errors="0" timestamp="2023-04-06T15:53:15 IST">
  <testcase classname="api.tests.UserTests" name="testPostUser" time="64.33"/>
  <testcase classname="api.tests.UserTests" name="testGetUser" time="2.706"/>
  <testcase classname="api.tests.UserTests" name="testUpdateUser" time="2.771"/>
  <testcase classname="api.tests.UserTests" name="testDeleteUser" time="1.351"/>
  <testcase classname="api.tests.UserTests_Logger" name="testPostUser" time="1.548"/>
  <testcase classname="api.tests.UserTests_Logger" name="testGetUser" time="1.393"/>
  <testcase classname="api.tests.UserTests_Logger" name="testUpdateUser" time="3.251"/>
  <testcase classname="api.tests.UserTests_Logger" name="testDeleteUser" time="1.419"/>
  <testcase classname="api.tests.Data_Driven_Tests" name="testPostUser" time="1.459"/>
  <testcase classname="api.tests.Data_Driven_Tests" name="testPostUser" time="1.407"/>
  <testcase classname="api.tests.Data_Driven_Tests" name="testPostUser" time="1.789"/>
  <testcase classname="api.tests.Data_Driven_Tests" name="testDeleteUser" time="1.649"/>
  <testcase classname="api.tests.Data_Driven_Tests" name="testDeleteUser" time="1.343"/>
  <testcase classname="api.tests.Data_Driven_Tests" name="testDeleteUser" time="1.498"/>
</testsuite> <!-- UserTest -->
