<?xml version="1.0" encoding="UTF-8"?>
<!-- Generated by org.testng.reporters.JUnitXMLReporter -->
<testsuite ignored="0" hostname="SWEETHOME" failures="0" tests="14" name="UserTest" time="76.316" errors="0" timestamp="2023-04-06T16:55:29 IST">
  <testcase classname="api.tests.UserTests" name="testPostUser" time="25.218"/>
  <testcase classname="api.tests.UserTests" name="testGetUser" time="1.892"/>
  <testcase classname="api.tests.UserTests" name="testUpdateUser" time="2.96"/>
  <testcase classname="api.tests.UserTests" name="testDeleteUser" time="1.42"/>
  <testcase classname="api.tests.UserTests_Logger" name="testPostUser" time="1.578"/>
  <testcase classname="api.tests.UserTests_Logger" name="testGetUser" time="1.713"/>
  <testcase classname="api.tests.UserTests_Logger" name="testUpdateUser" time="2.803"/>
  <testcase classname="api.tests.UserTests_Logger" name="testDeleteUser" time="1.412"/>
  <testcase classname="api.tests.Data_Driven_Tests" name="testPostUser" time="1.419"/>
  <testcase classname="api.tests.Data_Driven_Tests" name="testPostUser" time="1.819"/>
  <testcase classname="api.tests.Data_Driven_Tests" name="testPostUser" time="1.643"/>
  <testcase classname="api.tests.Data_Driven_Tests" name="testDeleteUser" time="1.338"/>
  <testcase classname="api.tests.Data_Driven_Tests" name="testDeleteUser" time="1.395"/>
  <testcase classname="api.tests.Data_Driven_Tests" name="testDeleteUser" time="1.38"/>
</testsuite> <!-- UserTest -->
