<?xml version="1.0" encoding="UTF-8"?>
<!-- Generated by org.testng.reporters.JUnitXMLReporter -->
<testsuite ignored="0" hostname="SWEETHOME" failures="0" tests="14" name="UserTest" time="49.316" errors="0" timestamp="2023-04-06T16:10:12 IST">
  <testcase classname="api.tests.UserTests" name="testPostUser" time="12.011"/>
  <testcase classname="api.tests.UserTests" name="testGetUser" time="2.075"/>
  <testcase classname="api.tests.UserTests" name="testUpdateUser" time="2.951"/>
  <testcase classname="api.tests.UserTests" name="testDeleteUser" time="1.74"/>
  <testcase classname="api.tests.UserTests_Logger" name="testPostUser" time="1.523"/>
  <testcase classname="api.tests.UserTests_Logger" name="testGetUser" time="1.721"/>
  <testcase classname="api.tests.UserTests_Logger" name="testUpdateUser" time="2.814"/>
  <testcase classname="api.tests.UserTests_Logger" name="testDeleteUser" time="1.376"/>
  <testcase classname="api.tests.Data_Driven_Tests" name="testPostUser" time="1.505"/>
  <testcase classname="api.tests.Data_Driven_Tests" name="testPostUser" time="1.392"/>
  <testcase classname="api.tests.Data_Driven_Tests" name="testPostUser" time="1.363"/>
  <testcase classname="api.tests.Data_Driven_Tests" name="testDeleteUser" time="1.882"/>
  <testcase classname="api.tests.Data_Driven_Tests" name="testDeleteUser" time="1.385"/>
  <testcase classname="api.tests.Data_Driven_Tests" name="testDeleteUser" time="1.438"/>
</testsuite> <!-- UserTest -->
