<?xml version="1.0" encoding="UTF-8"?>
<testng-results ignored="0" total="14" passed="14" failed="0" skipped="0">
  <reporter-output>
  </reporter-output>
  <suite started-at="2023-04-04T18:55:17 IST" name="UserSuite" finished-at="2023-04-04T18:56:06 IST" duration-ms="49007">
    <groups>
    </groups>
    <test started-at="2023-04-04T18:55:17 IST" name="UserTest" finished-at="2023-04-04T18:56:06 IST" duration-ms="49007">
      <class name="api.tests.UserTests">
        <test-method is-config="true" signature="setup()[pri:0, instance:api.tests.UserTests@52719fb6]" started-at="2023-04-04T18:55:18 IST" name="setup" finished-at="2023-04-04T18:55:19 IST" duration-ms="1343" status="PASS">
          <reporter-output>
          </reporter-output>
        </test-method> <!-- setup -->
        <test-method signature="testPostUser()[pri:1, instance:api.tests.UserTests@52719fb6]" started-at="2023-04-04T18:55:19 IST" name="testPostUser" finished-at="2023-04-04T18:55:32 IST" duration-ms="13288" status="PASS">
          <reporter-output>
          </reporter-output>
        </test-method> <!-- testPostUser -->
        <test-method signature="testGetUser()[pri:2, instance:api.tests.UserTests@52719fb6]" started-at="2023-04-04T18:55:32 IST" name="testGetUser" finished-at="2023-04-04T18:55:35 IST" duration-ms="2085" status="PASS">
          <reporter-output>
          </reporter-output>
        </test-method> <!-- testGetUser -->
        <test-method signature="testUpdateUser()[pri:3, instance:api.tests.UserTests@52719fb6]" started-at="2023-04-04T18:55:35 IST" name="testUpdateUser" finished-at="2023-04-04T18:55:38 IST" duration-ms="2984" status="PASS">
          <reporter-output>
          </reporter-output>
        </test-method> <!-- testUpdateUser -->
        <test-method signature="testDeleteUser()[pri:4, instance:api.tests.UserTests@52719fb6]" started-at="2023-04-04T18:55:38 IST" name="testDeleteUser" finished-at="2023-04-04T18:55:39 IST" duration-ms="1407" status="PASS">
          <reporter-output>
          </reporter-output>
        </test-method> <!-- testDeleteUser -->
      </class> <!-- api.tests.UserTests -->
      <class name="api.tests.UserTests_Logger">
        <test-method is-config="true" signature="setup()[pri:0, instance:api.tests.UserTests_Logger@65c7a252]" started-at="2023-04-04T18:55:39 IST" name="setup" finished-at="2023-04-04T18:55:42 IST" duration-ms="2612" status="PASS">
          <reporter-output>
          </reporter-output>
        </test-method> <!-- setup -->
        <test-method signature="testPostUser()[pri:1, instance:api.tests.UserTests_Logger@65c7a252]" started-at="2023-04-04T18:55:42 IST" name="testPostUser" finished-at="2023-04-04T18:55:43 IST" duration-ms="1538" status="PASS">
          <reporter-output>
          </reporter-output>
        </test-method> <!-- testPostUser -->
        <test-method signature="testGetUser()[pri:2, instance:api.tests.UserTests_Logger@65c7a252]" started-at="2023-04-04T18:55:43 IST" name="testGetUser" finished-at="2023-04-04T18:55:45 IST" duration-ms="1409" status="PASS">
          <reporter-output>
          </reporter-output>
        </test-method> <!-- testGetUser -->
        <test-method signature="testUpdateUser()[pri:3, instance:api.tests.UserTests_Logger@65c7a252]" started-at="2023-04-04T18:55:45 IST" name="testUpdateUser" finished-at="2023-04-04T18:55:48 IST" duration-ms="3220" status="PASS">
          <reporter-output>
          </reporter-output>
        </test-method> <!-- testUpdateUser -->
        <test-method signature="testDeleteUser()[pri:4, instance:api.tests.UserTests_Logger@65c7a252]" started-at="2023-04-04T18:55:48 IST" name="testDeleteUser" finished-at="2023-04-04T18:55:49 IST" duration-ms="1357" status="PASS">
          <reporter-output>
          </reporter-output>
        </test-method> <!-- testDeleteUser -->
      </class> <!-- api.tests.UserTests_Logger -->
      <class name="api.tests.Data_Driven_Tests">
        <test-method signature="testPostUser(java.lang.String,java.lang.String,java.lang.String,java.lang.String,java.lang.String,java.lang.String,java.lang.String)[pri:1, instance:api.tests.Data_Driven_Tests@4d154ccd]" started-at="2023-04-04T18:55:56 IST" name="testPostUser" data-provider="Data" finished-at="2023-04-04T18:55:58 IST" duration-ms="1530" status="PASS">
          <params>
            <param index="0">
              <value>
                <![CDATA[12001]]>
              </value>
            </param>
            <param index="1">
              <value>
                <![CDATA[username101]]>
              </value>
            </param>
            <param index="2">
              <value>
                <![CDATA[John]]>
              </value>
            </param>
            <param index="3">
              <value>
                <![CDATA[Kennedy]]>
              </value>
            </param>
            <param index="4">
              <value>
                <![CDATA[a@abc.com]]>
              </value>
            </param>
            <param index="5">
              <value>
                <![CDATA[password1]]>
              </value>
            </param>
            <param index="6">
              <value>
                <![CDATA[123456]]>
              </value>
            </param>
          </params>
          <reporter-output>
          </reporter-output>
        </test-method> <!-- testPostUser -->
        <test-method signature="testPostUser(java.lang.String,java.lang.String,java.lang.String,java.lang.String,java.lang.String,java.lang.String,java.lang.String)[pri:1, instance:api.tests.Data_Driven_Tests@4d154ccd]" started-at="2023-04-04T18:55:58 IST" name="testPostUser" data-provider="Data" finished-at="2023-04-04T18:55:59 IST" duration-ms="1403" status="PASS">
          <params>
            <param index="0">
              <value>
                <![CDATA[12002]]>
              </value>
            </param>
            <param index="1">
              <value>
                <![CDATA[username102]]>
              </value>
            </param>
            <param index="2">
              <value>
                <![CDATA[Scott]]>
              </value>
            </param>
            <param index="3">
              <value>
                <![CDATA[Tiger]]>
              </value>
            </param>
            <param index="4">
              <value>
                <![CDATA[b@abc.com]]>
              </value>
            </param>
            <param index="5">
              <value>
                <![CDATA[password2]]>
              </value>
            </param>
            <param index="6">
              <value>
                <![CDATA[234567]]>
              </value>
            </param>
          </params>
          <reporter-output>
          </reporter-output>
        </test-method> <!-- testPostUser -->
        <test-method signature="testPostUser(java.lang.String,java.lang.String,java.lang.String,java.lang.String,java.lang.String,java.lang.String,java.lang.String)[pri:1, instance:api.tests.Data_Driven_Tests@4d154ccd]" started-at="2023-04-04T18:55:59 IST" name="testPostUser" data-provider="Data" finished-at="2023-04-04T18:56:00 IST" duration-ms="1392" status="PASS">
          <params>
            <param index="0">
              <value>
                <![CDATA[12003]]>
              </value>
            </param>
            <param index="1">
              <value>
                <![CDATA[username103]]>
              </value>
            </param>
            <param index="2">
              <value>
                <![CDATA[Kelvin]]>
              </value>
            </param>
            <param index="3">
              <value>
                <![CDATA[Richmond]]>
              </value>
            </param>
            <param index="4">
              <value>
                <![CDATA[c@abc.com]]>
              </value>
            </param>
            <param index="5">
              <value>
                <![CDATA[password3]]>
              </value>
            </param>
            <param index="6">
              <value>
                <![CDATA[345678]]>
              </value>
            </param>
          </params>
          <reporter-output>
          </reporter-output>
        </test-method> <!-- testPostUser -->
        <test-method signature="testDeleteUser(java.lang.String)[pri:2, instance:api.tests.Data_Driven_Tests@4d154ccd]" started-at="2023-04-04T18:56:01 IST" name="testDeleteUser" data-provider="UserNames" finished-at="2023-04-04T18:56:03 IST" duration-ms="1900" status="PASS">
          <params>
            <param index="0">
              <value>
                <![CDATA[username101]]>
              </value>
            </param>
          </params>
          <reporter-output>
          </reporter-output>
        </test-method> <!-- testDeleteUser -->
        <test-method signature="testDeleteUser(java.lang.String)[pri:2, instance:api.tests.Data_Driven_Tests@4d154ccd]" started-at="2023-04-04T18:56:03 IST" name="testDeleteUser" data-provider="UserNames" finished-at="2023-04-04T18:56:04 IST" duration-ms="1394" status="PASS">
          <params>
            <param index="0">
              <value>
                <![CDATA[username102]]>
              </value>
            </param>
          </params>
          <reporter-output>
          </reporter-output>
        </test-method> <!-- testDeleteUser -->
        <test-method signature="testDeleteUser(java.lang.String)[pri:2, instance:api.tests.Data_Driven_Tests@4d154ccd]" started-at="2023-04-04T18:56:04 IST" name="testDeleteUser" data-provider="UserNames" finished-at="2023-04-04T18:56:06 IST" duration-ms="1418" status="PASS">
          <params>
            <param index="0">
              <value>
                <![CDATA[username103]]>
              </value>
            </param>
          </params>
          <reporter-output>
          </reporter-output>
        </test-method> <!-- testDeleteUser -->
      </class> <!-- api.tests.Data_Driven_Tests -->
    </test> <!-- UserTest -->
  </suite> <!-- UserSuite -->
</testng-results>
