<?xml version="1.0" encoding="UTF-8"?>
<testsuite xmlns:xsi="http://www.w3.org/2001/XMLSchema-instance" xsi:noNamespaceSchemaLocation="https://maven.apache.org/surefire/maven-surefire-plugin/xsd/surefire-test-report-3.0.xsd" version="3.0" name="TestSuite" time="58.246" tests="14" errors="0" skipped="0" failures="0">
  <properties>
[...]
</properties>
  <testcase name="testPostUser" classname="api.tests.UserTests" time="12.058">
    <system-out><![CDATA[83365
antone.thiel
Iesha
Cummings
leann.ratke@example.com
6qifblppv
197-341-2000
0
=====Starting testPostUser========
HTTP/1.1 200 OK
Date: Thu, 06 Apr 2023 10:39:35 GMT
Content-Type: application/json
Transfer-Encoding: chunked
Connection: keep-alive
Access-Control-Allow-Origin: *
Access-Control-Allow-Methods: GET, POST, DELETE, PUT
Access-Control-Allow-Headers: Content-Type, api_key, Authorization
Server: Jetty(9.2.9.v20150224)

{
    "code": 200,
    "type": "unknown",
    "message": "83365"
}
=====Ending testPostUser========
]]></system-out>
    <system-err><![CDATA[SLF4J: Failed to load class "org.slf4j.impl.StaticLoggerBinder".
SLF4J: Defaulting to no-operation (NOP) logger implementation
SLF4J: See http://www.slf4j.org/codes.html#StaticLoggerBinder for further details.
]]></system-err>
  </testcase>
  <testcase name="testGetUser" classname="api.tests.UserTests" time="2.082">
    <system-out><![CDATA[=====Starting testGetUser========
HTTP/1.1 200 OK
Date: Thu, 06 Apr 2023 10:39:38 GMT
Content-Type: application/json
Transfer-Encoding: chunked
Connection: keep-alive
Access-Control-Allow-Origin: *
Access-Control-Allow-Methods: GET, POST, DELETE, PUT
Access-Control-Allow-Headers: Content-Type, api_key, Authorization
Server: Jetty(9.2.9.v20150224)

{
    "id": 83365,
    "username": "antone.thiel",
    "firstName": "Iesha",
    "lastName": "Cummings",
    "email": "leann.ratke@example.com",
    "password": "6qifblppv",
    "phone": "197-341-2000",
    "userStatus": 0
}
=====Ending testGetUser========
]]></system-out>
  </testcase>
  <testcase name="testUpdateUser" classname="api.tests.UserTests" time="2.947">
    <system-out><![CDATA[=====Starting testUpdateUser========
HTTP/1.1 200 OK
Date: Thu, 06 Apr 2023 10:39:39 GMT
Content-Type: application/json
Transfer-Encoding: chunked
Connection: keep-alive
Access-Control-Allow-Origin: *
Access-Control-Allow-Methods: GET, POST, DELETE, PUT
Access-Control-Allow-Headers: Content-Type, api_key, Authorization
Server: Jetty(9.2.9.v20150224)

{
    "code": 200,
    "type": "unknown",
    "message": "83365"
}
=====Starting testGetUser========
HTTP/1.1 200 OK
Date: Thu, 06 Apr 2023 10:39:41 GMT
Content-Type: application/json
Transfer-Encoding: chunked
Connection: keep-alive
Access-Control-Allow-Origin: *
Access-Control-Allow-Methods: GET, POST, DELETE, PUT
Access-Control-Allow-Headers: Content-Type, api_key, Authorization
Server: Jetty(9.2.9.v20150224)

{
    "id": 83365,
    "username": "antone.thiel",
    "firstName": "Lizzie",
    "lastName": "Windler",
    "email": "jan.reilly@example.com",
    "password": "6qifblppv",
    "phone": "197-341-2000",
    "userStatus": 0
}
=====Ending testGetUser========
=====Ending testUpdateUser========
]]></system-out>
  </testcase>
  <testcase name="testDeleteUser" classname="api.tests.UserTests" time="1.718">
    <system-out><![CDATA[=====Starting testDeleteUser========
HTTP/1.1 200 OK
Date: Thu, 06 Apr 2023 10:39:42 GMT
Content-Type: application/json
Transfer-Encoding: chunked
Connection: keep-alive
Access-Control-Allow-Origin: *
Access-Control-Allow-Methods: GET, POST, DELETE, PUT
Access-Control-Allow-Headers: Content-Type, api_key, Authorization
Server: Jetty(9.2.9.v20150224)

{
    "code": 200,
    "type": "unknown",
    "message": "antone.thiel"
}
=====Ending testDeleteUser========
]]></system-out>
  </testcase>
  <testcase name="testPostUser" classname="api.tests.UserTests_Logger" time="1.529">
    <system-out><![CDATA[75588
alphonso.lind
Lamonica
Blick
delmy.schmidt@example.com
hp0nk523
204-102-7740
0
HTTP/1.1 200 OK
Date: Thu, 06 Apr 2023 10:39:47 GMT
Content-Type: application/json
Transfer-Encoding: chunked
Connection: keep-alive
Access-Control-Allow-Origin: *
Access-Control-Allow-Methods: GET, POST, DELETE, PUT
Access-Control-Allow-Headers: Content-Type, api_key, Authorization
Server: Jetty(9.2.9.v20150224)

{
    "code": 200,
    "type": "unknown",
    "message": "75588"
}
]]></system-out>
  </testcase>
  <testcase name="testGetUser" classname="api.tests.UserTests_Logger" time="1.804">
    <system-out><![CDATA[HTTP/1.1 200 OK
Date: Thu, 06 Apr 2023 10:39:49 GMT
Content-Type: application/json
Transfer-Encoding: chunked
Connection: keep-alive
Access-Control-Allow-Origin: *
Access-Control-Allow-Methods: GET, POST, DELETE, PUT
Access-Control-Allow-Headers: Content-Type, api_key, Authorization
Server: Jetty(9.2.9.v20150224)

{
    "id": 75588,
    "username": "alphonso.lind",
    "firstName": "Lamonica",
    "lastName": "Blick",
    "email": "delmy.schmidt@example.com",
    "password": "hp0nk523",
    "phone": "204-102-7740",
    "userStatus": 0
}
]]></system-out>
  </testcase>
  <testcase name="testUpdateUser" classname="api.tests.UserTests_Logger" time="2.733">
    <system-out><![CDATA[HTTP/1.1 200 OK
Date: Thu, 06 Apr 2023 10:39:50 GMT
Content-Type: application/json
Transfer-Encoding: chunked
Connection: keep-alive
Access-Control-Allow-Origin: *
Access-Control-Allow-Methods: GET, POST, DELETE, PUT
Access-Control-Allow-Headers: Content-Type, api_key, Authorization
Server: Jetty(9.2.9.v20150224)

{
    "code": 200,
    "type": "unknown",
    "message": "75588"
}
HTTP/1.1 200 OK
Date: Thu, 06 Apr 2023 10:39:52 GMT
Content-Type: application/json
Transfer-Encoding: chunked
Connection: keep-alive
Access-Control-Allow-Origin: *
Access-Control-Allow-Methods: GET, POST, DELETE, PUT
Access-Control-Allow-Headers: Content-Type, api_key, Authorization
Server: Jetty(9.2.9.v20150224)

{
    "id": 75588,
    "username": "alphonso.lind",
    "firstName": "Melanie",
    "lastName": "Barton",
    "email": "hilton.mertz@example.com",
    "password": "hp0nk523",
    "phone": "204-102-7740",
    "userStatus": 0
}
]]></system-out>
  </testcase>
  <testcase name="testDeleteUser" classname="api.tests.UserTests_Logger" time="1.413">
    <system-out><![CDATA[HTTP/1.1 200 OK
Date: Thu, 06 Apr 2023 10:39:53 GMT
Content-Type: application/json
Transfer-Encoding: chunked
Connection: keep-alive
Access-Control-Allow-Origin: *
Access-Control-Allow-Methods: GET, POST, DELETE, PUT
Access-Control-Allow-Headers: Content-Type, api_key, Authorization
Server: Jetty(9.2.9.v20150224)

{
    "code": 200,
    "type": "unknown",
    "message": "alphonso.lind"
}
]]></system-out>
  </testcase>
  <testcase name="testPostUser[12001, username101, John, Kennedy, a@abc.com, password1, 123456](1)" classname="api.tests.Data_Driven_Tests" time="3.065">
    <system-out><![CDATA[Number of Rows = 3
Number of column = 7
{
    "code": 200,
    "type": "unknown",
    "message": "12001"
}
]]></system-out>
  </testcase>
  <testcase name="testPostUser[12002, username102, Scott, Tiger, b@abc.com, password2, 234567](2)" classname="api.tests.Data_Driven_Tests" time="0.097">
    <system-out><![CDATA[{
    "code": 200,
    "type": "unknown",
    "message": "12002"
}
]]></system-out>
  </testcase>
  <testcase name="testPostUser[12003, username103, Kelvin, Richmond, c@abc.com, password3, 345678](3)" classname="api.tests.Data_Driven_Tests" time="1.248">
    <system-out><![CDATA[{
    "code": 200,
    "type": "unknown",
    "message": "12003"
}
]]></system-out>
  </testcase>
  <testcase name="testDeleteUser[username101](1)" classname="api.tests.Data_Driven_Tests" time="1.885">
    <system-out><![CDATA[Number of Rows Delete = 3
{
    "code": 200,
    "type": "unknown",
    "message": "username101"
}
]]></system-out>
  </testcase>
  <testcase name="testDeleteUser[username102](2)" classname="api.tests.Data_Driven_Tests" time="1.447">
    <system-out><![CDATA[{
    "code": 200,
    "type": "unknown",
    "message": "username102"
}
]]></system-out>
  </testcase>
  <testcase name="testDeleteUser[username103](3)" classname="api.tests.Data_Driven_Tests" time="1.407">
    <system-out><![CDATA[{
    "code": 200,
    "type": "unknown",
    "message": "username103"
}
]]></system-out>
  </testcase>
</testsuite>