<?xml version="1.0" encoding="UTF-8"?>
<testsuite xmlns:xsi="http://www.w3.org/2001/XMLSchema-instance" xsi:noNamespaceSchemaLocation="https://maven.apache.org/surefire/maven-surefire-plugin/xsd/surefire-test-report-3.0.xsd" version="3.0" name="TestSuite" time="72.61" tests="14" errors="0" skipped="0" failures="0">
  <properties>
[...]
</properties>
  <testcase name="testPostUser" classname="api.tests.UserTests" time="14.742">
    <system-out><![CDATA[34686
cruz.wolf
Chanell
Greenholt
kerry.ruecker@example.com
twectw6m
414.205.2311
0
=====Starting testPostUser========
HTTP/1.1 200 OK
Date: Thu, 06 Apr 2023 09:26:20 GMT
Content-Type: application/json
Transfer-Encoding: chunked
Connection: keep-alive
Access-Control-Allow-Origin: *
Access-Control-Allow-Methods: GET, POST, DELETE, PUT
Access-Control-Allow-Headers: Content-Type, api_key, Authorization
Server: Jetty(9.2.9.v20150224)

{
    "code": 200,
    "type": "unknown",
    "message": "34686"
}
=====Ending testPostUser========
]]></system-out>
    <system-err><![CDATA[SLF4J: Failed to load class "org.slf4j.impl.StaticLoggerBinder".
SLF4J: Defaulting to no-operation (NOP) logger implementation
SLF4J: See http://www.slf4j.org/codes.html#StaticLoggerBinder for further details.
]]></system-err>
  </testcase>
  <testcase name="testGetUser" classname="api.tests.UserTests" time="2.046">
    <system-out><![CDATA[=====Starting testGetUser========
HTTP/1.1 200 OK
Date: Thu, 06 Apr 2023 09:26:23 GMT
Content-Type: application/json
Transfer-Encoding: chunked
Connection: keep-alive
Access-Control-Allow-Origin: *
Access-Control-Allow-Methods: GET, POST, DELETE, PUT
Access-Control-Allow-Headers: Content-Type, api_key, Authorization
Server: Jetty(9.2.9.v20150224)

{
    "id": 34686,
    "username": "cruz.wolf",
    "firstName": "Chanell",
    "lastName": "Greenholt",
    "email": "kerry.ruecker@example.com",
    "password": "twectw6m",
    "phone": "414.205.2311",
    "userStatus": 0
}
=====Ending testGetUser========
]]></system-out>
  </testcase>
  <testcase name="testUpdateUser" classname="api.tests.UserTests" time="4.3">
    <system-out><![CDATA[=====Starting testUpdateUser========
HTTP/1.1 200 OK
Date: Thu, 06 Apr 2023 09:26:25 GMT
Content-Type: application/json
Transfer-Encoding: chunked
Connection: keep-alive
Access-Control-Allow-Origin: *
Access-Control-Allow-Methods: GET, POST, DELETE, PUT
Access-Control-Allow-Headers: Content-Type, api_key, Authorization
Server: Jetty(9.2.9.v20150224)

{
    "code": 200,
    "type": "unknown",
    "message": "34686"
}
=====Starting testGetUser========
HTTP/1.1 200 OK
Date: Thu, 06 Apr 2023 09:26:27 GMT
Content-Type: application/json
Transfer-Encoding: chunked
Connection: keep-alive
Access-Control-Allow-Origin: *
Access-Control-Allow-Methods: GET, POST, DELETE, PUT
Access-Control-Allow-Headers: Content-Type, api_key, Authorization
Server: Jetty(9.2.9.v20150224)

{
    "id": 34686,
    "username": "cruz.wolf",
    "firstName": "Todd",
    "lastName": "Wiza",
    "email": "sasha.boyle@example.com",
    "password": "twectw6m",
    "phone": "414.205.2311",
    "userStatus": 0
}
=====Ending testGetUser========
=====Ending testUpdateUser========
]]></system-out>
  </testcase>
  <testcase name="testDeleteUser" classname="api.tests.UserTests" time="1.431">
    <system-out><![CDATA[=====Starting testDeleteUser========
HTTP/1.1 200 OK
Date: Thu, 06 Apr 2023 09:26:29 GMT
Content-Type: application/json
Transfer-Encoding: chunked
Connection: keep-alive
Access-Control-Allow-Origin: *
Access-Control-Allow-Methods: GET, POST, DELETE, PUT
Access-Control-Allow-Headers: Content-Type, api_key, Authorization
Server: Jetty(9.2.9.v20150224)

{
    "code": 200,
    "type": "unknown",
    "message": "cruz.wolf"
}
=====Ending testDeleteUser========
]]></system-out>
  </testcase>
  <testcase name="testPostUser" classname="api.tests.UserTests_Logger" time="1.564">
    <system-out><![CDATA[46858
milton.donnelly
Terry
Crooks
chuck.flatley@example.com
3xn11
952.597.6462
0
HTTP/1.1 200 OK
Date: Thu, 06 Apr 2023 09:26:35 GMT
Content-Type: application/json
Transfer-Encoding: chunked
Connection: keep-alive
Access-Control-Allow-Origin: *
Access-Control-Allow-Methods: GET, POST, DELETE, PUT
Access-Control-Allow-Headers: Content-Type, api_key, Authorization
Server: Jetty(9.2.9.v20150224)

{
    "code": 200,
    "type": "unknown",
    "message": "46858"
}
]]></system-out>
  </testcase>
  <testcase name="testGetUser" classname="api.tests.UserTests_Logger" time="2.607">
    <system-out><![CDATA[HTTP/1.1 200 OK
Date: Thu, 06 Apr 2023 09:26:38 GMT
Content-Type: application/json
Transfer-Encoding: chunked
Connection: keep-alive
Access-Control-Allow-Origin: *
Access-Control-Allow-Methods: GET, POST, DELETE, PUT
Access-Control-Allow-Headers: Content-Type, api_key, Authorization
Server: Jetty(9.2.9.v20150224)

{
    "id": 46858,
    "username": "milton.donnelly",
    "firstName": "Terry",
    "lastName": "Crooks",
    "email": "chuck.flatley@example.com",
    "password": "3xn11",
    "phone": "952.597.6462",
    "userStatus": 0
}
]]></system-out>
  </testcase>
  <testcase name="testUpdateUser" classname="api.tests.UserTests_Logger" time="2.684">
    <system-out><![CDATA[HTTP/1.1 200 OK
Date: Thu, 06 Apr 2023 09:26:39 GMT
Content-Type: application/json
Transfer-Encoding: chunked
Connection: keep-alive
Access-Control-Allow-Origin: *
Access-Control-Allow-Methods: GET, POST, DELETE, PUT
Access-Control-Allow-Headers: Content-Type, api_key, Authorization
Server: Jetty(9.2.9.v20150224)

{
    "code": 200,
    "type": "unknown",
    "message": "46858"
}
HTTP/1.1 200 OK
Date: Thu, 06 Apr 2023 09:26:41 GMT
Content-Type: application/json
Transfer-Encoding: chunked
Connection: keep-alive
Access-Control-Allow-Origin: *
Access-Control-Allow-Methods: GET, POST, DELETE, PUT
Access-Control-Allow-Headers: Content-Type, api_key, Authorization
Server: Jetty(9.2.9.v20150224)

{
    "id": 46858,
    "username": "milton.donnelly",
    "firstName": "Salvador",
    "lastName": "Gutmann",
    "email": "lance.thompson@example.com",
    "password": "3xn11",
    "phone": "952.597.6462",
    "userStatus": 0
}
]]></system-out>
  </testcase>
  <testcase name="testDeleteUser" classname="api.tests.UserTests_Logger" time="1.469">
    <system-out><![CDATA[HTTP/1.1 200 OK
Date: Thu, 06 Apr 2023 09:26:42 GMT
Content-Type: application/json
Transfer-Encoding: chunked
Connection: keep-alive
Access-Control-Allow-Origin: *
Access-Control-Allow-Methods: GET, POST, DELETE, PUT
Access-Control-Allow-Headers: Content-Type, api_key, Authorization
Server: Jetty(9.2.9.v20150224)

{
    "code": 200,
    "type": "unknown",
    "message": "milton.donnelly"
}
]]></system-out>
  </testcase>
  <testcase name="testPostUser[12001, username101, John, Kennedy, a@abc.com, password1, 123456](1)" classname="api.tests.Data_Driven_Tests" time="2.11">
    <system-out><![CDATA[Number of Rows = 3
Number of column = 7
{
    "code": 200,
    "type": "unknown",
    "message": "12001"
}
]]></system-out>
  </testcase>
  <testcase name="testPostUser[12002, username102, Scott, Tiger, b@abc.com, password2, 234567](2)" classname="api.tests.Data_Driven_Tests" time="3.444">
    <system-out><![CDATA[{
    "code": 200,
    "type": "unknown",
    "message": "12002"
}
]]></system-out>
  </testcase>
  <testcase name="testPostUser[12003, username103, Kelvin, Richmond, c@abc.com, password3, 345678](3)" classname="api.tests.Data_Driven_Tests" time="1.35">
    <system-out><![CDATA[{
    "code": 200,
    "type": "unknown",
    "message": "12003"
}
]]></system-out>
  </testcase>
  <testcase name="testDeleteUser[username101](1)" classname="api.tests.Data_Driven_Tests" time="1.382">
    <system-out><![CDATA[Number of Rows Delete = 3
{
    "code": 200,
    "type": "unknown",
    "message": "username101"
}
]]></system-out>
  </testcase>
  <testcase name="testDeleteUser[username102](2)" classname="api.tests.Data_Driven_Tests" time="1.861">
    <system-out><![CDATA[{
    "code": 200,
    "type": "unknown",
    "message": "username102"
}
]]></system-out>
  </testcase>
  <testcase name="testDeleteUser[username103](3)" classname="api.tests.Data_Driven_Tests" time="1.431">
    <system-out><![CDATA[{
    "code": 200,
    "type": "unknown",
    "message": "username103"
}
]]></system-out>
  </testcase>
</testsuite>