<?xml version="1.0" encoding="UTF-8"?>
<testng-results ignored="0" total="14" passed="14" failed="0" skipped="0">
  <reporter-output>
  </reporter-output>
  <suite started-at="2023-04-06T15:50:51 IST" name="UserSuite" finished-at="2023-04-06T15:53:12 IST" duration-ms="140741">
    <groups>
    </groups>
    <test started-at="2023-04-06T15:50:51 IST" name="UserTest" finished-at="2023-04-06T15:53:12 IST" duration-ms="140741">
      <class name="api.tests.UserTests">
        <test-method is-config="true" signature="setup()[pri:0, instance:api.tests.UserTests@54a7079e]" started-at="2023-04-06T15:51:18 IST" name="setup" finished-at="2023-04-06T15:51:29 IST" duration-ms="10574" status="PASS">
          <reporter-output>
          </reporter-output>
        </test-method> <!-- setup -->
        <test-method signature="testPostUser()[pri:1, instance:api.tests.UserTests@54a7079e]" started-at="2023-04-06T15:51:29 IST" name="testPostUser" finished-at="2023-04-06T15:52:34 IST" duration-ms="64330" status="PASS">
          <reporter-output>
          </reporter-output>
        </test-method> <!-- testPostUser -->
        <test-method signature="testGetUser()[pri:2, instance:api.tests.UserTests@54a7079e]" started-at="2023-04-06T15:52:34 IST" name="testGetUser" finished-at="2023-04-06T15:52:37 IST" duration-ms="2706" status="PASS">
          <reporter-output>
          </reporter-output>
        </test-method> <!-- testGetUser -->
        <test-method signature="testUpdateUser()[pri:3, instance:api.tests.UserTests@54a7079e]" started-at="2023-04-06T15:52:37 IST" name="testUpdateUser" finished-at="2023-04-06T15:52:40 IST" duration-ms="2771" status="PASS">
          <reporter-output>
          </reporter-output>
        </test-method> <!-- testUpdateUser -->
        <test-method signature="testDeleteUser()[pri:4, instance:api.tests.UserTests@54a7079e]" started-at="2023-04-06T15:52:40 IST" name="testDeleteUser" finished-at="2023-04-06T15:52:41 IST" duration-ms="1351" status="PASS">
          <reporter-output>
          </reporter-output>
        </test-method> <!-- testDeleteUser -->
      </class> <!-- api.tests.UserTests -->
      <class name="api.tests.UserTests_Logger">
        <test-method is-config="true" signature="setup()[pri:0, instance:api.tests.UserTests_Logger@55634720]" started-at="2023-04-06T15:52:41 IST" name="setup" finished-at="2023-04-06T15:52:47 IST" duration-ms="6124" status="PASS">
          <reporter-output>
          </reporter-output>
        </test-method> <!-- setup -->
        <test-method signature="testPostUser()[pri:1, instance:api.tests.UserTests_Logger@55634720]" started-at="2023-04-06T15:52:47 IST" name="testPostUser" finished-at="2023-04-06T15:52:49 IST" duration-ms="1548" status="PASS">
          <reporter-output>
          </reporter-output>
        </test-method> <!-- testPostUser -->
        <test-method signature="testGetUser()[pri:2, instance:api.tests.UserTests_Logger@55634720]" started-at="2023-04-06T15:52:49 IST" name="testGetUser" finished-at="2023-04-06T15:52:50 IST" duration-ms="1393" status="PASS">
          <reporter-output>
          </reporter-output>
        </test-method> <!-- testGetUser -->
        <test-method signature="testUpdateUser()[pri:3, instance:api.tests.UserTests_Logger@55634720]" started-at="2023-04-06T15:52:50 IST" name="testUpdateUser" finished-at="2023-04-06T15:52:54 IST" duration-ms="3251" status="PASS">
          <reporter-output>
          </reporter-output>
        </test-method> <!-- testUpdateUser -->
        <test-method signature="testDeleteUser()[pri:4, instance:api.tests.UserTests_Logger@55634720]" started-at="2023-04-06T15:52:54 IST" name="testDeleteUser" finished-at="2023-04-06T15:52:55 IST" duration-ms="1419" status="PASS">
          <reporter-output>
          </reporter-output>
        </test-method> <!-- testDeleteUser -->
      </class> <!-- api.tests.UserTests_Logger -->
      <class name="api.tests.Data_Driven_Tests">
        <test-method signature="testPostUser(java.lang.String,java.lang.String,java.lang.String,java.lang.String,java.lang.String,java.lang.String,java.lang.String)[pri:1, instance:api.tests.Data_Driven_Tests@4b0d79fc]" started-at="2023-04-06T15:53:02 IST" name="testPostUser" data-provider="Data" finished-at="2023-04-06T15:53:03 IST" duration-ms="1459" status="PASS">
          <params>
            <param index="0">
              <value>
                <![CDATA[12001]]>
              </value>
            </param>
            <param index="1">
              <value>
                <![CDATA[username101]]>
              </value>
            </param>
            <param index="2">
              <value>
                <![CDATA[John]]>
              </value>
            </param>
            <param index="3">
              <value>
                <![CDATA[Kennedy]]>
              </value>
            </param>
            <param index="4">
              <value>
                <![CDATA[a@abc.com]]>
              </value>
            </param>
            <param index="5">
              <value>
                <![CDATA[password1]]>
              </value>
            </param>
            <param index="6">
              <value>
                <![CDATA[123456]]>
              </value>
            </param>
          </params>
          <reporter-output>
          </reporter-output>
        </test-method> <!-- testPostUser -->
        <test-method signature="testPostUser(java.lang.String,java.lang.String,java.lang.String,java.lang.String,java.lang.String,java.lang.String,java.lang.String)[pri:1, instance:api.tests.Data_Driven_Tests@4b0d79fc]" started-at="2023-04-06T15:53:03 IST" name="testPostUser" data-provider="Data" finished-at="2023-04-06T15:53:05 IST" duration-ms="1407" status="PASS">
          <params>
            <param index="0">
              <value>
                <![CDATA[12002]]>
              </value>
            </param>
            <param index="1">
              <value>
                <![CDATA[username102]]>
              </value>
            </param>
            <param index="2">
              <value>
                <![CDATA[Scott]]>
              </value>
            </param>
            <param index="3">
              <value>
                <![CDATA[Tiger]]>
              </value>
            </param>
            <param index="4">
              <value>
                <![CDATA[b@abc.com]]>
              </value>
            </param>
            <param index="5">
              <value>
                <![CDATA[password2]]>
              </value>
            </param>
            <param index="6">
              <value>
                <![CDATA[234567]]>
              </value>
            </param>
          </params>
          <reporter-output>
          </reporter-output>
        </test-method> <!-- testPostUser -->
        <test-method signature="testPostUser(java.lang.String,java.lang.String,java.lang.String,java.lang.String,java.lang.String,java.lang.String,java.lang.String)[pri:1, instance:api.tests.Data_Driven_Tests@4b0d79fc]" started-at="2023-04-06T15:53:05 IST" name="testPostUser" data-provider="Data" finished-at="2023-04-06T15:53:07 IST" duration-ms="1789" status="PASS">
          <params>
            <param index="0">
              <value>
                <![CDATA[12003]]>
              </value>
            </param>
            <param index="1">
              <value>
                <![CDATA[username103]]>
              </value>
            </param>
            <param index="2">
              <value>
                <![CDATA[Kelvin]]>
              </value>
            </param>
            <param index="3">
              <value>
                <![CDATA[Richmond]]>
              </value>
            </param>
            <param index="4">
              <value>
                <![CDATA[c@abc.com]]>
              </value>
            </param>
            <param index="5">
              <value>
                <![CDATA[password3]]>
              </value>
            </param>
            <param index="6">
              <value>
                <![CDATA[345678]]>
              </value>
            </param>
          </params>
          <reporter-output>
          </reporter-output>
        </test-method> <!-- testPostUser -->
        <test-method signature="testDeleteUser(java.lang.String)[pri:2, instance:api.tests.Data_Driven_Tests@4b0d79fc]" started-at="2023-04-06T15:53:07 IST" name="testDeleteUser" data-provider="UserNames" finished-at="2023-04-06T15:53:09 IST" duration-ms="1649" status="PASS">
          <params>
            <param index="0">
              <value>
                <![CDATA[username101]]>
              </value>
            </param>
          </params>
          <reporter-output>
          </reporter-output>
        </test-method> <!-- testDeleteUser -->
        <test-method signature="testDeleteUser(java.lang.String)[pri:2, instance:api.tests.Data_Driven_Tests@4b0d79fc]" started-at="2023-04-06T15:53:09 IST" name="testDeleteUser" data-provider="UserNames" finished-at="2023-04-06T15:53:10 IST" duration-ms="1343" status="PASS">
          <params>
            <param index="0">
              <value>
                <![CDATA[username102]]>
              </value>
            </param>
          </params>
          <reporter-output>
          </reporter-output>
        </test-method> <!-- testDeleteUser -->
        <test-method signature="testDeleteUser(java.lang.String)[pri:2, instance:api.tests.Data_Driven_Tests@4b0d79fc]" started-at="2023-04-06T15:53:10 IST" name="testDeleteUser" data-provider="UserNames" finished-at="2023-04-06T15:53:12 IST" duration-ms="1498" status="PASS">
          <params>
            <param index="0">
              <value>
                <![CDATA[username103]]>
              </value>
            </param>
          </params>
          <reporter-output>
          </reporter-output>
        </test-method> <!-- testDeleteUser -->
      </class> <!-- api.tests.Data_Driven_Tests -->
    </test> <!-- UserTest -->
  </suite> <!-- UserSuite -->
</testng-results>
